Plugins:
Bundled analyzers:
  - Python Code Quality and Security 4.10.0.13725 (python)
  - Clean as You Code 2.2.2.656 (cayc)
  - Go Code Quality and Security 1.15.0.4655 (go)
  - JaCoCo 1.3.0.1538 (jacoco)
  - Kotlin Code Quality and Security 2.18.0.2938 (kotlin)
  - IaC Code Quality and Security 1.22.0.7057 (iac)
  - JavaScript/TypeScript/CSS Code Quality and Security 10.9.0.24449 (javascript)
  - Ruby Code Quality and Security 1.15.0.4655 (ruby)
  - Scala Code Quality and Security 1.15.0.4655 (sonarscala)
  - C# Code Quality and Security 9.13.0.79967 (csharp)
  - Java Code Quality and Security 7.27.1.33504 (java)
  - HTML Code Quality and Security 3.11.0.4708 (web)
  - Flex Code Quality and Security 2.12.0.4568 (flex)
  - XML Code Quality and Security 2.10.0.4108 (xml)
  - PHP Code Quality and Security 3.33.0.11274 (php)
  - Text Code Quality and Security 2.7.1.1388 (text)
  - VB.NET Code Quality and Security 9.13.0.79967 (vbnet)
  - Configuration detection for Code Quality and Security 1.3.0.654 (config)
Global server settings:
  - sonar.core.id=147B411E-AYyB-GVpEL4ysmXo5rtI
  - sonar.core.startTime=2023-12-20T16:56:35+0530
  - sonar.forceAuthentication=true
  - sonar.qualityProfiles.allowDisableInheritedRules=true
Project server settings:
Project scanner properties:
  - sonar.host.url=http://localhost:9000
  - sonar.java.binaries=D:/Users/gpreksha/Assignment/RouteMicroservice/RouteMicroservice/target/classes
  - sonar.java.libraries=D:\Users\gpreksha\.m2\repository\org\springframework\boot\spring-boot-starter-data-jpa\3.2.0\spring-boot-starter-data-jpa-3.2.0.jar,D:\Users\gpreksha\.m2\repository\org\springframework\boot\spring-boot-starter-aop\3.2.0\spring-boot-starter-aop-3.2.0.jar,D:\Users\gpreksha\.m2\repository\org\springframework\spring-aop\6.1.1\spring-aop-6.1.1.jar,D:\Users\gpreksha\.m2\repository\org\aspectj\aspectjweaver\1.9.20.1\aspectjweaver-1.9.20.1.jar,D:\Users\gpreksha\.m2\repository\org\springframework\boot\spring-boot-starter-jdbc\3.2.0\spring-boot-starter-jdbc-3.2.0.jar,D:\Users\gpreksha\.m2\repository\com\zaxxer\HikariCP\5.0.1\HikariCP-5.0.1.jar,D:\Users\gpreksha\.m2\repository\org\springframework\spring-jdbc\6.1.1\spring-jdbc-6.1.1.jar,D:\Users\gpreksha\.m2\repository\org\hibernate\orm\hibernate-core\6.3.1.Final\hibernate-core-6.3.1.Final.jar,D:\Users\gpreksha\.m2\repository\jakarta\persistence\jakarta.persistence-api\3.1.0\jakarta.persistence-api-3.1.0.jar,D:\Users\gpreksha\.m2\repository\jak...
  - sonar.java.source=8
  - sonar.login=******
  - sonar.projectBaseDir=D:\Users\gpreksha\Assignment\RouteMicroservice
  - sonar.projectKey=SonarAnalyzer:RouteMicroservice
  - sonar.scanner.app=Intellij Sonar plugin
  - sonar.scanner.appVersion=0.2.2
  - sonar.sourceEncoding=UTF-8
  - sonar.sources=D:/Users/gpreksha/Assignment/RouteMicroservice/RouteMicroservice/src/main/java,D:/Users/gpreksha/Assignment/RouteMicroservice/RouteMicroservice/src/main/resources
  - sonar.tests=
  - sonar.working.directory=D:\Users\gpreksha\Assignment\RouteMicroservice\.idea\SonarAnalyzer\.scannerwork
